<?xml version="1.0" encoding="UTF-8"?>
<testsuite name="CircularBufferTest" tests="13" skipped="0" failures="0" errors="0" timestamp="2018-02-12T02:05:27" hostname="Gurusundeshs-MacBook-Pro-3.local" time="0.016">
  <properties/>
  <testcase name="fullBufferCantBeWrittenTo" classname="CircularBufferTest" time="0.007"/>
  <testcase name="overwriteActsLikeWriteOnNonFullBuffer" classname="CircularBufferTest" time="0.001"/>
  <testcase name="clearDoesNothingOnEmptyBuffer" classname="CircularBufferTest" time="0.0"/>
  <testcase name="maintainsReadPositionAcrossWrites" classname="CircularBufferTest" time="0.0"/>
  <testcase name="overwriteRemovesOldestElementOnFullBuffer" classname="CircularBufferTest" time="0.0"/>
  <testcase name="canReadItemOnlyOnce" classname="CircularBufferTest" time="0.0"/>
  <testcase name="readFreesUpSpaceForWrite" classname="CircularBufferTest" time="0.001"/>
  <testcase name="canReadItemJustWritten" classname="CircularBufferTest" time="0.0"/>
  <testcase name="readsItemsInOrderWritten" classname="CircularBufferTest" time="0.0"/>
  <testcase name="clearFreesUpCapacity" classname="CircularBufferTest" time="0.0"/>
  <testcase name="overwriteDoesntRemoveAnAlreadyReadElement" classname="CircularBufferTest" time="0.0"/>
  <testcase name="cantReadClearedItems" classname="CircularBufferTest" time="0.001"/>
  <testcase name="readingFromEmptyBufferShouldThrowException" classname="CircularBufferTest" time="0.001"/>
  <system-out><![CDATA[]]></system-out>
  <system-err><![CDATA[]]></system-err>
</testsuite>
